(---------------------------------------------------------------------)
(                                                                     )
(    Create_devices LOG file                                          )
(                                                                     )
(    Drawing          : RK_NVR_DEMO_RK3568_DDR4P216SD4_V12_20201221YWQ_final.brd )
(    Software Version : 17.4S039                                      )
(    Date/Time        : Mon Dec 29 11:28:19 2025                      )
(                                                                     )
(---------------------------------------------------------------------)



Device file 'D:/BaiduNetdiskDownload/RK3568/01_Official Release/04_Product Line Branch(NVR)/03_Demo Reference Design/lib/usb20_mini_usb20min5_usb_m5_03_.txt': written successfully.
Device file 'D:/BaiduNetdiskDownload/RK3568/01_Official Release/04_Product Line Branch(NVR)/03_Demo Reference Design/lib/interface_ft232rl_ssop28_10r20x.txt': written successfully.
Device file 'D:/BaiduNetdiskDownload/RK3568/01_Official Release/04_Product Line Branch(NVR)/03_Demo Reference Design/lib/header4_2_cn4m_2r54_v_dip_con4.txt': written successfully.
Device file 'D:/BaiduNetdiskDownload/RK3568/01_Official Release/04_Product Line Branch(NVR)/03_Demo Reference Design/lib/resistor_r0402_18k.txt': written successfully.
Device file 'D:/BaiduNetdiskDownload/RK3568/01_Official Release/04_Product Line Branch(NVR)/03_Demo Reference Design/lib/resistor_r0402_300k.txt': written successfully.
Device file 'D:/BaiduNetdiskDownload/RK3568/01_Official Release/04_Product Line Branch(NVR)/03_Demo Reference Design/lib/diodebi_dirtrig_sod_323_udd32.txt': written successfully.
Device file 'D:/BaiduNetdiskDownload/RK3568/01_Official Release/04_Product Line Branch(NVR)/03_Demo Reference Design/lib/spi_flash_8pin_t_0_wson8_8r00x6.txt': written successfully.
Device file 'D:/BaiduNetdiskDownload/RK3568/01_Official Release/04_Product Line Branch(NVR)/03_Demo Reference Design/lib/resistor_r0201_22r.txt': written successfully.
Device file 'D:/BaiduNetdiskDownload/RK3568/01_Official Release/04_Product Line Branch(NVR)/03_Demo Reference Design/lib/voltage_detector_ce8809_sot_23_.txt': written successfully.
Device file 'D:/BaiduNetdiskDownload/RK3568/01_Official Release/04_Product Line Branch(NVR)/03_Demo Reference Design/lib/jp_av1-8_14-5g_pj3_rca_2x1_pj3.txt': written successfully.
Device file 'D:/BaiduNetdiskDownload/RK3568/01_Official Release/04_Product Line Branch(NVR)/03_Demo Reference Design/lib/mini_pcie_socket_3_mini_pcie_sl.txt': written successfully.
Device file 'D:/BaiduNetdiskDownload/RK3568/01_Official Release/04_Product Line Branch(NVR)/03_Demo Reference Design/lib/led_led0603_led_red.txt': written successfully.
Device file 'D:/BaiduNetdiskDownload/RK3568/01_Official Release/04_Product Line Branch(NVR)/03_Demo Reference Design/lib/ba301n_1_ba301n_ba301n.txt': written successfully.
Device file 'D:/BaiduNetdiskDownload/RK3568/01_Official Release/04_Product Line Branch(NVR)/03_Demo Reference Design/lib/ba301n_3_smb_f_bs3500ncf.txt': written successfully.
Device file 'D:/BaiduNetdiskDownload/RK3568/01_Official Release/04_Product Line Branch(NVR)/03_Demo Reference Design/lib/usb30_type_a_v_2_usb30a9_25r70x.txt': written successfully.
Device file 'D:/BaiduNetdiskDownload/RK3568/01_Official Release/04_Product Line Branch(NVR)/03_Demo Reference Design/lib/usb20_type_a_usb20a4_ua04-dhf-p.txt': written successfully.
Device file 'D:/BaiduNetdiskDownload/RK3568/01_Official Release/04_Product Line Branch(NVR)/03_Demo Reference Design/lib/capnp_c1206l_1000pf.txt': written successfully.
Device file 'D:/BaiduNetdiskDownload/RK3568/01_Official Release/04_Product Line Branch(NVR)/03_Demo Reference Design/lib/capnp_c0201_10nf.txt': written successfully.
Device file 'D:/BaiduNetdiskDownload/RK3568/01_Official Release/04_Product Line Branch(NVR)/03_Demo Reference Design/lib/capnp_c0201_220nf.txt': written successfully.
Device file 'D:/BaiduNetdiskDownload/RK3568/01_Official Release/04_Product Line Branch(NVR)/03_Demo Reference Design/lib/diodedouble_sot_23_bat54c.txt': written successfully.
Device file 'D:/BaiduNetdiskDownload/RK3568/01_Official Release/04_Product Line Branch(NVR)/03_Demo Reference Design/lib/con4_8_cnn4f_4r20_v_h_dip_atxpo.txt': written successfully.
Device file 'D:/BaiduNetdiskDownload/RK3568/01_Official Release/04_Product Line Branch(NVR)/03_Demo Reference Design/lib/con2_1x2_cn2m_2r54_v_dip_con2m_.txt': written successfully.
Device file 'D:/BaiduNetdiskDownload/RK3568/01_Official Release/04_Product Line Branch(NVR)/03_Demo Reference Design/lib/sata_ide_dip_0_sata-ide4m_5r08_.txt': written successfully.
Device file 'D:/BaiduNetdiskDownload/RK3568/01_Official Release/04_Product Line Branch(NVR)/03_Demo Reference Design/lib/lcd_hitachi_tx05d99vm1aaa_2_cnn.txt': written successfully.
Device file 'D:/BaiduNetdiskDownload/RK3568/01_Official Release/04_Product Line Branch(NVR)/03_Demo Reference Design/lib/sata_dip_0_sata30_7p_v_dip_sata.txt': written successfully.
Device file 'D:/BaiduNetdiskDownload/RK3568/01_Official Release/04_Product Line Branch(NVR)/03_Demo Reference Design/lib/con3_1x3_cn3m_2r54_v_dip_cn3m_2.txt': written successfully.
Device file 'D:/BaiduNetdiskDownload/RK3568/01_Official Release/04_Product Line Branch(NVR)/03_Demo Reference Design/lib/con20_0_cnn10m_2r54_v_dip_p101-.txt': written successfully.
Device file 'D:/BaiduNetdiskDownload/RK3568/01_Official Release/04_Product Line Branch(NVR)/03_Demo Reference Design/lib/con3_1x3_cn3m_2r54_v_p_dip_cn3m.txt': written successfully.
Device file 'D:/BaiduNetdiskDownload/RK3568/01_Official Release/04_Product Line Branch(NVR)/03_Demo Reference Design/lib/resistor_r0201_33r.txt': written successfully.
Device file 'D:/BaiduNetdiskDownload/RK3568/01_Official Release/04_Product Line Branch(NVR)/03_Demo Reference Design/lib/key_2pin_sw2_6r00x3r70x2r50_ts-.txt': written successfully.
Device file 'D:/BaiduNetdiskDownload/RK3568/01_Official Release/04_Product Line Branch(NVR)/03_Demo Reference Design/lib/soc_rk616_bga144_10r00x10r00x1r.txt': written successfully.
Device file 'D:/BaiduNetdiskDownload/RK3568/01_Official Release/04_Product Line Branch(NVR)/03_Demo Reference Design/lib/capnp_c0201_100nf.txt': written successfully.
Device file 'D:/BaiduNetdiskDownload/RK3568/01_Official Release/04_Product Line Branch(NVR)/03_Demo Reference Design/lib/capnp_c0201_100pf.txt': written successfully.
Device file 'D:/BaiduNetdiskDownload/RK3568/01_Official Release/04_Product Line Branch(NVR)/03_Demo Reference Design/lib/capnp_c0201_1nf.txt': written successfully.
Device file 'D:/BaiduNetdiskDownload/RK3568/01_Official Release/04_Product Line Branch(NVR)/03_Demo Reference Design/lib/bav99_sot_23_bav99.txt': written successfully.
Device file 'D:/BaiduNetdiskDownload/RK3568/01_Official Release/04_Product Line Branch(NVR)/03_Demo Reference Design/lib/con4_5_cnn20f_4r20_v_h_dip_atxp.txt': written successfully.
Device file 'D:/BaiduNetdiskDownload/RK3568/01_Official Release/04_Product Line Branch(NVR)/03_Demo Reference Design/lib/resistor_r0201_120r.txt': written successfully.
Device file 'D:/BaiduNetdiskDownload/RK3568/01_Official Release/04_Product Line Branch(NVR)/03_Demo Reference Design/lib/resistor_r0201_200r.txt': written successfully.
Device file 'D:/BaiduNetdiskDownload/RK3568/01_Official Release/04_Product Line Branch(NVR)/03_Demo Reference Design/lib/resistor_r0201_0r.txt': written successfully.
Device file 'D:/BaiduNetdiskDownload/RK3568/01_Official Release/04_Product Line Branch(NVR)/03_Demo Reference Design/lib/resistor_r0201_162k.txt': written successfully.
Device file 'D:/BaiduNetdiskDownload/RK3568/01_Official Release/04_Product Line Branch(NVR)/03_Demo Reference Design/lib/resistor_r0201_499r.txt': written successfully.
Device file 'D:/BaiduNetdiskDownload/RK3568/01_Official Release/04_Product Line Branch(NVR)/03_Demo Reference Design/lib/max3485_0_sop8_4r00x5r00x1r75_s.txt': written successfully.
Device file 'D:/BaiduNetdiskDownload/RK3568/01_Official Release/04_Product Line Branch(NVR)/03_Demo Reference Design/lib/max3232sit3232e_ssop16_5r60x6r.txt': written successfully.
Device file 'D:/BaiduNetdiskDownload/RK3568/01_Official Release/04_Product Line Branch(NVR)/03_Demo Reference Design/lib/rjsae5f8002_rj45_sae5f8002_rjsa.txt': written successfully.
Device file 'D:/BaiduNetdiskDownload/RK3568/01_Official Release/04_Product Line Branch(NVR)/03_Demo Reference Design/lib/jmb575_qfn64_9r00x9r00x0r90_t_j.txt': written successfully.
Device file 'D:/BaiduNetdiskDownload/RK3568/01_Official Release/04_Product Line Branch(NVR)/03_Demo Reference Design/lib/capnp_c1206_22uf.txt': written successfully.
Device file 'D:/BaiduNetdiskDownload/RK3568/01_Official Release/04_Product Line Branch(NVR)/03_Demo Reference Design/lib/diode_do_214ac_ss32.txt': written successfully.
Device file 'D:/BaiduNetdiskDownload/RK3568/01_Official Release/04_Product Line Branch(NVR)/03_Demo Reference Design/lib/fuse_f8050_jk-smd200l.txt': written successfully.
Device file 'D:/BaiduNetdiskDownload/RK3568/01_Official Release/04_Product Line Branch(NVR)/03_Demo Reference Design/lib/fuse_r1206_jk-nsmd035.txt': written successfully.
Device file 'D:/BaiduNetdiskDownload/RK3568/01_Official Release/04_Product Line Branch(NVR)/03_Demo Reference Design/lib/con4_3_cn2m_2r54_v_p_dip_cn2m_2.txt': written successfully.
Device file 'D:/BaiduNetdiskDownload/RK3568/01_Official Release/04_Product Line Branch(NVR)/03_Demo Reference Design/lib/header-usb_0_hdr_usb_header-05x.txt': written successfully.
Device file 'D:/BaiduNetdiskDownload/RK3568/01_Official Release/04_Product Line Branch(NVR)/03_Demo Reference Design/lib/resistor_r1206_0r.txt': written successfully.
Device file 'D:/BaiduNetdiskDownload/RK3568/01_Official Release/04_Product Line Branch(NVR)/03_Demo Reference Design/lib/resistor_r1210_2r.txt': written successfully.
Device file 'D:/BaiduNetdiskDownload/RK3568/01_Official Release/04_Product Line Branch(NVR)/03_Demo Reference Design/lib/resistor_r0805_75r.txt': written successfully.
Device file 'D:/BaiduNetdiskDownload/RK3568/01_Official Release/04_Product Line Branch(NVR)/03_Demo Reference Design/lib/ethernet_h5007_soic24_17r53x12r.txt': written successfully.
Device file 'D:/BaiduNetdiskDownload/RK3568/01_Official Release/04_Product Line Branch(NVR)/03_Demo Reference Design/lib/beep_0_beep_650_beep.txt': written successfully.
Device file 'D:/BaiduNetdiskDownload/RK3568/01_Official Release/04_Product Line Branch(NVR)/03_Demo Reference Design/lib/capnp_c0402_18pf.txt': written successfully.
Device file 'D:/BaiduNetdiskDownload/RK3568/01_Official Release/04_Product Line Branch(NVR)/03_Demo Reference Design/lib/cap_e_e7_100uf.txt': written successfully.
Device file 'D:/BaiduNetdiskDownload/RK3568/01_Official Release/04_Product Line Branch(NVR)/03_Demo Reference Design/lib/capnp_c1206_10uf.txt': written successfully.
Device file 'D:/BaiduNetdiskDownload/RK3568/01_Official Release/04_Product Line Branch(NVR)/03_Demo Reference Design/lib/capnp_c0603_100nf.txt': written successfully.
Device file 'D:/BaiduNetdiskDownload/RK3568/01_Official Release/04_Product Line Branch(NVR)/03_Demo Reference Design/lib/cap_e_c6_120uf.txt': written successfully.
Device file 'D:/BaiduNetdiskDownload/RK3568/01_Official Release/04_Product Line Branch(NVR)/03_Demo Reference Design/lib/capnp_c0805_22uf.txt': written successfully.
Device file 'D:/BaiduNetdiskDownload/RK3568/01_Official Release/04_Product Line Branch(NVR)/03_Demo Reference Design/lib/capnp_c0402_10nf.txt': written successfully.
Device file 'D:/BaiduNetdiskDownload/RK3568/01_Official Release/04_Product Line Branch(NVR)/03_Demo Reference Design/lib/capnp_c0402_12pf.txt': written successfully.
Device file 'D:/BaiduNetdiskDownload/RK3568/01_Official Release/04_Product Line Branch(NVR)/03_Demo Reference Design/lib/capnp_c0402_22uf.txt': written successfully.
Device file 'D:/BaiduNetdiskDownload/RK3568/01_Official Release/04_Product Line Branch(NVR)/03_Demo Reference Design/lib/capnp_c0402_2pf.txt': written successfully.
Device file 'D:/BaiduNetdiskDownload/RK3568/01_Official Release/04_Product Line Branch(NVR)/03_Demo Reference Design/lib/capnp_c0402_47nf.txt': written successfully.
Device file 'D:/BaiduNetdiskDownload/RK3568/01_Official Release/04_Product Line Branch(NVR)/03_Demo Reference Design/lib/diodebi_dirtrig_esd0402_esd54.txt': written successfully.
Device file 'D:/BaiduNetdiskDownload/RK3568/01_Official Release/04_Product Line Branch(NVR)/03_Demo Reference Design/lib/diode_sod_323_b5819ws.txt': written successfully.
Device file 'D:/BaiduNetdiskDownload/RK3568/01_Official Release/04_Product Line Branch(NVR)/03_Demo Reference Design/lib/diodebi_dirtrig_esd0402_esd53.txt': written successfully.
Device file 'D:/BaiduNetdiskDownload/RK3568/01_Official Release/04_Product Line Branch(NVR)/03_Demo Reference Design/lib/diodebi_dirtrig_esd0402_esd_1.txt': written successfully.
Device file 'D:/BaiduNetdiskDownload/RK3568/01_Official Release/04_Product Line Branch(NVR)/03_Demo Reference Design/lib/diode_sod_123_b5819w.txt': written successfully.
Device file 'D:/BaiduNetdiskDownload/RK3568/01_Official Release/04_Product Line Branch(NVR)/03_Demo Reference Design/lib/diode_sod_123_1n4148w.txt': written successfully.
Device file 'D:/BaiduNetdiskDownload/RK3568/01_Official Release/04_Product Line Branch(NVR)/03_Demo Reference Design/lib/bead_l0603_180r-100m.txt': written successfully.
Device file 'D:/BaiduNetdiskDownload/RK3568/01_Official Release/04_Product Line Branch(NVR)/03_Demo Reference Design/lib/bead_l0603_26r-100m.txt': written successfully.
Device file 'D:/BaiduNetdiskDownload/RK3568/01_Official Release/04_Product Line Branch(NVR)/03_Demo Reference Design/lib/bead_l0603_120r-100mhz.txt': written successfully.
Device file 'D:/BaiduNetdiskDownload/RK3568/01_Official Release/04_Product Line Branch(NVR)/03_Demo Reference Design/lib/hole_hole_c3r20_c6r00_hole_3r20.txt': written successfully.
Device file 'D:/BaiduNetdiskDownload/RK3568/01_Official Release/04_Product Line Branch(NVR)/03_Demo Reference Design/lib/irm_0_ij3_irm_3638_irm_3638.txt': written successfully.
Device file 'D:/BaiduNetdiskDownload/RK3568/01_Official Release/04_Product Line Branch(NVR)/03_Demo Reference Design/lib/dcjack_3p_dc3_dc_0007_5p_dc-000.txt': written successfully.
Device file 'D:/BaiduNetdiskDownload/RK3568/01_Official Release/04_Product Line Branch(NVR)/03_Demo Reference Design/lib/con_battery-20mm_bat_cr1220_cr1.txt': written successfully.
Device file 'D:/BaiduNetdiskDownload/RK3568/01_Official Release/04_Product Line Branch(NVR)/03_Demo Reference Design/lib/hdmi_type_a_0_hdmia19_hdmi_01a_.txt': written successfully.
Device file 'D:/BaiduNetdiskDownload/RK3568/01_Official Release/04_Product Line Branch(NVR)/03_Demo Reference Design/lib/vga_0_dsub15b_vga_db15.txt': written successfully.
Device file 'D:/BaiduNetdiskDownload/RK3568/01_Official Release/04_Product Line Branch(NVR)/03_Demo Reference Design/lib/con4_0_cn4m_2r54_v_p_dip_cn4m_2.txt': written successfully.
Device file 'D:/BaiduNetdiskDownload/RK3568/01_Official Release/04_Product Line Branch(NVR)/03_Demo Reference Design/lib/radiator_0_radiator_38rx38rx10r.txt': written successfully.
Device file 'D:/BaiduNetdiskDownload/RK3568/01_Official Release/04_Product Line Branch(NVR)/03_Demo Reference Design/lib/inductorsofferrite_ind_606045.txt': written successfully.
Device file 'D:/BaiduNetdiskDownload/RK3568/01_Official Release/04_Product Line Branch(NVR)/03_Demo Reference Design/lib/inductorsofferrite_ind_6060_1.txt': written successfully.
Device file 'D:/BaiduNetdiskDownload/RK3568/01_Official Release/04_Product Line Branch(NVR)/03_Demo Reference Design/lib/inductorsofferrite_ind_404026.txt': written successfully.
Device file 'D:/BaiduNetdiskDownload/RK3568/01_Official Release/04_Product Line Branch(NVR)/03_Demo Reference Design/lib/inductorsofferrite_ind_404030.txt': written successfully.
Device file 'D:/BaiduNetdiskDownload/RK3568/01_Official Release/04_Product Line Branch(NVR)/03_Demo Reference Design/lib/inductorsofferrite_ind_252012.txt': written successfully.
Device file 'D:/BaiduNetdiskDownload/RK3568/01_Official Release/04_Product Line Branch(NVR)/03_Demo Reference Design/lib/inductorcom_rp2_0405_nc.txt': written successfully.
Device file 'D:/BaiduNetdiskDownload/RK3568/01_Official Release/04_Product Line Branch(NVR)/03_Demo Reference Design/lib/inductorsofferrite_ind_303015.txt': written successfully.
Device file 'D:/BaiduNetdiskDownload/RK3568/01_Official Release/04_Product Line Branch(NVR)/03_Demo Reference Design/lib/led_led0603_led_blue.txt': written successfully.
Device file 'D:/BaiduNetdiskDownload/RK3568/01_Official Release/04_Product Line Branch(NVR)/03_Demo Reference Design/lib/led_led0603_led_green.txt': written successfully.
Device file 'D:/BaiduNetdiskDownload/RK3568/01_Official Release/04_Product Line Branch(NVR)/03_Demo Reference Design/lib/mark_mark_mark.txt': written successfully.
Device file 'D:/BaiduNetdiskDownload/RK3568/01_Official Release/04_Product Line Branch(NVR)/03_Demo Reference Design/lib/mosfetp_sot_23_wpm3407-3tr.txt': written successfully.
Device file 'D:/BaiduNetdiskDownload/RK3568/01_Official Release/04_Product Line Branch(NVR)/03_Demo Reference Design/lib/npn_sot_23_s8050.txt': written successfully.
Device file 'D:/BaiduNetdiskDownload/RK3568/01_Official Release/04_Product Line Branch(NVR)/03_Demo Reference Design/lib/mosfetn_sot_323_2sk3018.txt': written successfully.
Device file 'D:/BaiduNetdiskDownload/RK3568/01_Official Release/04_Product Line Branch(NVR)/03_Demo Reference Design/lib/resistor_r0402_120r.txt': written successfully.
Device file 'D:/BaiduNetdiskDownload/RK3568/01_Official Release/04_Product Line Branch(NVR)/03_Demo Reference Design/lib/resistor_r0402_22r.txt': written successfully.
Device file 'D:/BaiduNetdiskDownload/RK3568/01_Official Release/04_Product Line Branch(NVR)/03_Demo Reference Design/lib/resistor_r0402_1m.txt': written successfully.
Device file 'D:/BaiduNetdiskDownload/RK3568/01_Official Release/04_Product Line Branch(NVR)/03_Demo Reference Design/lib/resistor_r0402_22k.txt': written successfully.
Device file 'D:/BaiduNetdiskDownload/RK3568/01_Official Release/04_Product Line Branch(NVR)/03_Demo Reference Design/lib/resistor_r0402_22r__1.txt': written successfully.
Device file 'D:/BaiduNetdiskDownload/RK3568/01_Official Release/04_Product Line Branch(NVR)/03_Demo Reference Design/lib/resistor_r0402_232k.txt': written successfully.
Device file 'D:/BaiduNetdiskDownload/RK3568/01_Official Release/04_Product Line Branch(NVR)/03_Demo Reference Design/lib/resistor_r0402_24k.txt': written successfully.
Device file 'D:/BaiduNetdiskDownload/RK3568/01_Official Release/04_Product Line Branch(NVR)/03_Demo Reference Design/lib/resistor_r0402_499k.txt': written successfully.
Device file 'D:/BaiduNetdiskDownload/RK3568/01_Official Release/04_Product Line Branch(NVR)/03_Demo Reference Design/lib/resistor_r0402_30k.txt': written successfully.
Device file 'D:/BaiduNetdiskDownload/RK3568/01_Official Release/04_Product Line Branch(NVR)/03_Demo Reference Design/lib/resistor_r0402_390k.txt': written successfully.
Device file 'D:/BaiduNetdiskDownload/RK3568/01_Official Release/04_Product Line Branch(NVR)/03_Demo Reference Design/lib/resistor_r0402_100r.txt': written successfully.
Device file 'D:/BaiduNetdiskDownload/RK3568/01_Official Release/04_Product Line Branch(NVR)/03_Demo Reference Design/lib/resistor_r0402_56k.txt': written successfully.
Device file 'D:/BaiduNetdiskDownload/RK3568/01_Official Release/04_Product Line Branch(NVR)/03_Demo Reference Design/lib/resistor_r0402_27k.txt': written successfully.
Device file 'D:/BaiduNetdiskDownload/RK3568/01_Official Release/04_Product Line Branch(NVR)/03_Demo Reference Design/lib/resistor_r0402_dnp.txt': written successfully.
Device file 'D:/BaiduNetdiskDownload/RK3568/01_Official Release/04_Product Line Branch(NVR)/03_Demo Reference Design/lib/resistor_r0603_0r.txt': written successfully.
Device file 'D:/BaiduNetdiskDownload/RK3568/01_Official Release/04_Product Line Branch(NVR)/03_Demo Reference Design/lib/resistor_r0402_47k.txt': written successfully.
Device file 'D:/BaiduNetdiskDownload/RK3568/01_Official Release/04_Product Line Branch(NVR)/03_Demo Reference Design/lib/resistor_r0402_15k.txt': written successfully.
Device file 'D:/BaiduNetdiskDownload/RK3568/01_Official Release/04_Product Line Branch(NVR)/03_Demo Reference Design/lib/resistor_r0805_0r.txt': written successfully.
Device file 'D:/BaiduNetdiskDownload/RK3568/01_Official Release/04_Product Line Branch(NVR)/03_Demo Reference Design/lib/resistor_r0402_47k__1.txt': written successfully.
Device file 'D:/BaiduNetdiskDownload/RK3568/01_Official Release/04_Product Line Branch(NVR)/03_Demo Reference Design/lib/resistor_r0402_18k__1.txt': written successfully.
Device file 'D:/BaiduNetdiskDownload/RK3568/01_Official Release/04_Product Line Branch(NVR)/03_Demo Reference Design/lib/resistor_r0402_2k.txt': written successfully.
Device file 'D:/BaiduNetdiskDownload/RK3568/01_Official Release/04_Product Line Branch(NVR)/03_Demo Reference Design/lib/resistor_r0402_75r.txt': written successfully.
Device file 'D:/BaiduNetdiskDownload/RK3568/01_Official Release/04_Product Line Branch(NVR)/03_Demo Reference Design/lib/resistor_r0402_47r.txt': written successfully.
Device file 'D:/BaiduNetdiskDownload/RK3568/01_Official Release/04_Product Line Branch(NVR)/03_Demo Reference Design/lib/resistor_r0402_249k.txt': written successfully.
Device file 'D:/BaiduNetdiskDownload/RK3568/01_Official Release/04_Product Line Branch(NVR)/03_Demo Reference Design/lib/resistor_r0402_12k.txt': written successfully.
Device file 'D:/BaiduNetdiskDownload/RK3568/01_Official Release/04_Product Line Branch(NVR)/03_Demo Reference Design/lib/resistor_r0402_150k.txt': written successfully.
Device file 'D:/BaiduNetdiskDownload/RK3568/01_Official Release/04_Product Line Branch(NVR)/03_Demo Reference Design/lib/resistor_r0402_33k.txt': written successfully.
Device file 'D:/BaiduNetdiskDownload/RK3568/01_Official Release/04_Product Line Branch(NVR)/03_Demo Reference Design/lib/resistor_r0402_470r.txt': written successfully.
Device file 'D:/BaiduNetdiskDownload/RK3568/01_Official Release/04_Product Line Branch(NVR)/03_Demo Reference Design/lib/resistor_r0402_33k__1.txt': written successfully.
Device file 'D:/BaiduNetdiskDownload/RK3568/01_Official Release/04_Product Line Branch(NVR)/03_Demo Reference Design/lib/resistor_r1206_604r.txt': written successfully.
Device file 'D:/BaiduNetdiskDownload/RK3568/01_Official Release/04_Product Line Branch(NVR)/03_Demo Reference Design/lib/tp_tp_0r70_tp_07.txt': written successfully.
Device file 'D:/BaiduNetdiskDownload/RK3568/01_Official Release/04_Product Line Branch(NVR)/03_Demo Reference Design/lib/soc_rk3568_bga636_19r00x19r00x1.txt': written successfully.
Device file 'D:/BaiduNetdiskDownload/RK3568/01_Official Release/04_Product Line Branch(NVR)/03_Demo Reference Design/lib/dcdc_sy8113_sot_23_6_sy8113b.txt': written successfully.
Device file 'D:/BaiduNetdiskDownload/RK3568/01_Official Release/04_Product Line Branch(NVR)/03_Demo Reference Design/lib/ldo_lp3983s_sot_23_5_lp3983s.txt': written successfully.
Device file 'D:/BaiduNetdiskDownload/RK3568/01_Official Release/04_Product Line Branch(NVR)/03_Demo Reference Design/lib/dcdc_sy8088_sot_23_5_sy8089aac.txt': written successfully.
Device file 'D:/BaiduNetdiskDownload/RK3568/01_Official Release/04_Product Line Branch(NVR)/03_Demo Reference Design/lib/dcdc_sy8088_sot_23_5_eta3446.txt': written successfully.
Device file 'D:/BaiduNetdiskDownload/RK3568/01_Official Release/04_Product Line Branch(NVR)/03_Demo Reference Design/lib/dcdc_sy827_csp20_1r96x1r56x0r66.txt': written successfully.
Device file 'D:/BaiduNetdiskDownload/RK3568/01_Official Release/04_Product Line Branch(NVR)/03_Demo Reference Design/lib/ldo_pt5108_sot_23_5_rt9013-18gb.txt': written successfully.
Device file 'D:/BaiduNetdiskDownload/RK3568/01_Official Release/04_Product Line Branch(NVR)/03_Demo Reference Design/lib/rtc_hym8563_tssop8_3r10x3r10x1r.txt': written successfully.
Device file 'D:/BaiduNetdiskDownload/RK3568/01_Official Release/04_Product Line Branch(NVR)/03_Demo Reference Design/lib/ldo_pt5108_sot_23_5_rt9193-18gb.txt': written successfully.
Device file 'D:/BaiduNetdiskDownload/RK3568/01_Official Release/04_Product Line Branch(NVR)/03_Demo Reference Design/lib/switch_sy6280_sot_23_5_sy6280aa.txt': written successfully.
Device file 'D:/BaiduNetdiskDownload/RK3568/01_Official Release/04_Product Line Branch(NVR)/03_Demo Reference Design/lib/ddr4_16bit_fbga96_14r00x11r00x1.txt': written successfully.
Device file 'D:/BaiduNetdiskDownload/RK3568/01_Official Release/04_Product Line Branch(NVR)/03_Demo Reference Design/lib/inand_emmc_153_2l_bga153_13rx11.txt': written successfully.
Device file 'D:/BaiduNetdiskDownload/RK3568/01_Official Release/04_Product Line Branch(NVR)/03_Demo Reference Design/lib/esd_esd5304d_son10_2r50x1r00x0r.txt': written successfully.
Device file 'D:/BaiduNetdiskDownload/RK3568/01_Official Release/04_Product Line Branch(NVR)/03_Demo Reference Design/lib/ldo_pt5108_sot_23_5_rt9193-33gb.txt': written successfully.
Device file 'D:/BaiduNetdiskDownload/RK3568/01_Official Release/04_Product Line Branch(NVR)/03_Demo Reference Design/lib/ldo_pt5108_sot_23_5_rt9193-12gb.txt': written successfully.
Device file 'D:/BaiduNetdiskDownload/RK3568/01_Official Release/04_Product Line Branch(NVR)/03_Demo Reference Design/lib/rtd2166_qfn32_4r00x4r00x0r90_t_.txt': written successfully.
Device file 'D:/BaiduNetdiskDownload/RK3568/01_Official Release/04_Product Line Branch(NVR)/03_Demo Reference Design/lib/ethernet_rtl8211f_qfn40_5r00x5r.txt': written successfully.
Device file 'D:/BaiduNetdiskDownload/RK3568/01_Official Release/04_Product Line Branch(NVR)/03_Demo Reference Design/lib/codec_es8316_1_qfn20_3r00x3r00x.txt': written successfully.
Device file 'D:/BaiduNetdiskDownload/RK3568/01_Official Release/04_Product Line Branch(NVR)/03_Demo Reference Design/lib/spi_flash_8pin_t_0_wson8_8r00_1.txt': written successfully.
Device file 'D:/BaiduNetdiskDownload/RK3568/01_Official Release/04_Product Line Branch(NVR)/03_Demo Reference Design/lib/pi6c557-05ble_0_tssop20_6r50x4r.txt': written successfully.
Device file 'D:/BaiduNetdiskDownload/RK3568/01_Official Release/04_Product Line Branch(NVR)/03_Demo Reference Design/lib/crystal_4p_cry4_3r20x2r50x0r80_.txt': written successfully.
Device file 'D:/BaiduNetdiskDownload/RK3568/01_Official Release/04_Product Line Branch(NVR)/03_Demo Reference Design/lib/crystal_2p_1g_cry2_6r90x1r40x1r.txt': written successfully.
Device file 'D:/BaiduNetdiskDownload/RK3568/01_Official Release/04_Product Line Branch(NVR)/03_Demo Reference Design/lib/crystal_4p_cry4_3r20x2r50x0r8_1.txt': written successfully.
Device file 'D:/BaiduNetdiskDownload/RK3568/01_Official Release/04_Product Line Branch(NVR)/03_Demo Reference Design/lib/capnp_c0402_100pf.txt': written successfully.
Device file 'D:/BaiduNetdiskDownload/RK3568/01_Official Release/04_Product Line Branch(NVR)/03_Demo Reference Design/lib/resistor_r0402_51k.txt': written successfully.
Device file 'D:/BaiduNetdiskDownload/RK3568/01_Official Release/04_Product Line Branch(NVR)/03_Demo Reference Design/lib/capnp_c0402_1nf.txt': written successfully.
Device file 'D:/BaiduNetdiskDownload/RK3568/01_Official Release/04_Product Line Branch(NVR)/03_Demo Reference Design/lib/capnp_c0402_100nf.txt': written successfully.
Device file 'D:/BaiduNetdiskDownload/RK3568/01_Official Release/04_Product Line Branch(NVR)/03_Demo Reference Design/lib/capnp_c0402_1uf.txt': written successfully.
Device file 'D:/BaiduNetdiskDownload/RK3568/01_Official Release/04_Product Line Branch(NVR)/03_Demo Reference Design/lib/capnp_c0603_10uf.txt': written successfully.
Device file 'D:/BaiduNetdiskDownload/RK3568/01_Official Release/04_Product Line Branch(NVR)/03_Demo Reference Design/lib/capnp_c0603_47uf.txt': written successfully.
Device file 'D:/BaiduNetdiskDownload/RK3568/01_Official Release/04_Product Line Branch(NVR)/03_Demo Reference Design/lib/capnp_c0402_22pf.txt': written successfully.
Device file 'D:/BaiduNetdiskDownload/RK3568/01_Official Release/04_Product Line Branch(NVR)/03_Demo Reference Design/lib/capnp_c0402_dnp.txt': written successfully.
Device file 'D:/BaiduNetdiskDownload/RK3568/01_Official Release/04_Product Line Branch(NVR)/03_Demo Reference Design/lib/capnp_c0402_47uf.txt': written successfully.
Device file 'D:/BaiduNetdiskDownload/RK3568/01_Official Release/04_Product Line Branch(NVR)/03_Demo Reference Design/lib/capnp_c0603_22uf.txt': written successfully.
Device file 'D:/BaiduNetdiskDownload/RK3568/01_Official Release/04_Product Line Branch(NVR)/03_Demo Reference Design/lib/resistor_r0402_240r.txt': written successfully.
Device file 'D:/BaiduNetdiskDownload/RK3568/01_Official Release/04_Product Line Branch(NVR)/03_Demo Reference Design/lib/resistor_r0402_10k.txt': written successfully.
Device file 'D:/BaiduNetdiskDownload/RK3568/01_Official Release/04_Product Line Branch(NVR)/03_Demo Reference Design/lib/resistor_r0402_100k.txt': written successfully.
Device file 'D:/BaiduNetdiskDownload/RK3568/01_Official Release/04_Product Line Branch(NVR)/03_Demo Reference Design/lib/resistor_r0402_0r.txt': written successfully.
Device file 'D:/BaiduNetdiskDownload/RK3568/01_Official Release/04_Product Line Branch(NVR)/03_Demo Reference Design/lib/resistor_r0402_1k.txt': written successfully.
Device file 'D:/BaiduNetdiskDownload/RK3568/01_Official Release/04_Product Line Branch(NVR)/03_Demo Reference Design/lib/ldo_pt5108_sot_23_5_pt5108e23e-.txt': written successfully.

  Created device files: 168

